2025-10-07T12:13:51.293+05:30  INFO 4416 --- [retailoffer] [restartedMain] com.retailoffer.RetailOfferApplication   : Starting RetailOfferApplication using Java 21.0.8 with PID 4416 (C:\Users\DELL\Downloads\retailoffer\target\classes started by DELL in C:\Users\DELL\Downloads\retailoffer)
2025-10-07T12:13:51.304+05:30  INFO 4416 --- [retailoffer] [restartedMain] com.retailoffer.RetailOfferApplication   : No active profile set, falling back to 1 default profile: "default"
2025-10-07T12:13:56.317+05:30  WARN 4416 --- [retailoffer] [restartedMain] org.hibernate.orm.deprecation            : HHH90000025: MySQL8Dialect does not need to be specified explicitly using 'hibernate.dialect' (remove the property setting and it will be selected by default)
2025-10-07T12:13:56.322+05:30  WARN 4416 --- [retailoffer] [restartedMain] org.hibernate.orm.deprecation            : HHH90000026: MySQL8Dialect has been deprecated; use org.hibernate.dialect.MySQLDialect instead
2025-10-07T12:13:58.668+05:30  WARN 4416 --- [retailoffer] [restartedMain] JpaBaseConfiguration$JpaWebConfiguration : spring.jpa.open-in-view is enabled by default. Therefore, database queries may be performed during view rendering. Explicitly configure spring.jpa.open-in-view to disable this warning
2025-10-07T12:13:59.762+05:30  INFO 4416 --- [retailoffer] [restartedMain] com.retailoffer.RetailOfferApplication   : Started RetailOfferApplication in 9.261 seconds (process running for 10.056)
2025-10-07T12:14:49.506+05:30  INFO 4416 --- [retailoffer] [restartedMain] com.retailoffer.RetailOfferApplication   : Starting RetailOfferApplication using Java 21.0.8 with PID 4416 (C:\Users\DELL\Downloads\retailoffer\target\classes started by DELL in C:\Users\DELL\Downloads\retailoffer)
2025-10-07T12:14:49.507+05:30  INFO 4416 --- [retailoffer] [restartedMain] com.retailoffer.RetailOfferApplication   : No active profile set, falling back to 1 default profile: "default"
2025-10-07T12:14:50.714+05:30  WARN 4416 --- [retailoffer] [restartedMain] org.hibernate.orm.deprecation            : HHH90000025: MySQL8Dialect does not need to be specified explicitly using 'hibernate.dialect' (remove the property setting and it will be selected by default)
2025-10-07T12:14:50.715+05:30  WARN 4416 --- [retailoffer] [restartedMain] org.hibernate.orm.deprecation            : HHH90000026: MySQL8Dialect has been deprecated; use org.hibernate.dialect.MySQLDialect instead
2025-10-07T12:14:51.300+05:30  WARN 4416 --- [retailoffer] [restartedMain] JpaBaseConfiguration$JpaWebConfiguration : spring.jpa.open-in-view is enabled by default. Therefore, database queries may be performed during view rendering. Explicitly configure spring.jpa.open-in-view to disable this warning
2025-10-07T12:14:51.800+05:30  INFO 4416 --- [retailoffer] [restartedMain] com.retailoffer.RetailOfferApplication   : Started RetailOfferApplication in 2.365 seconds (process running for 62.095)
2025-10-07T12:19:54.031+05:30  INFO 4416 --- [retailoffer] [restartedMain] com.retailoffer.RetailOfferApplication   : Starting RetailOfferApplication using Java 21.0.8 with PID 4416 (C:\Users\DELL\Downloads\retailoffer\target\classes started by DELL in C:\Users\DELL\Downloads\retailoffer)
2025-10-07T12:19:54.031+05:30  INFO 4416 --- [retailoffer] [restartedMain] com.retailoffer.RetailOfferApplication   : No active profile set, falling back to 1 default profile: "default"
2025-10-07T12:19:55.330+05:30  WARN 4416 --- [retailoffer] [restartedMain] org.hibernate.orm.deprecation            : HHH90000025: MySQL8Dialect does not need to be specified explicitly using 'hibernate.dialect' (remove the property setting and it will be selected by default)
2025-10-07T12:19:55.332+05:30  WARN 4416 --- [retailoffer] [restartedMain] org.hibernate.orm.deprecation            : HHH90000026: MySQL8Dialect has been deprecated; use org.hibernate.dialect.MySQLDialect instead
2025-10-07T12:19:55.811+05:30  WARN 4416 --- [retailoffer] [restartedMain] JpaBaseConfiguration$JpaWebConfiguration : spring.jpa.open-in-view is enabled by default. Therefore, database queries may be performed during view rendering. Explicitly configure spring.jpa.open-in-view to disable this warning
2025-10-07T12:19:56.456+05:30  INFO 4416 --- [retailoffer] [restartedMain] com.retailoffer.RetailOfferApplication   : Started RetailOfferApplication in 2.79 seconds (process running for 366.75)
2025-10-07T12:19:58.051+05:30  INFO 4416 --- [retailoffer] [restartedMain] com.retailoffer.RetailOfferApplication   : Starting RetailOfferApplication using Java 21.0.8 with PID 4416 (C:\Users\DELL\Downloads\retailoffer\target\classes started by DELL in C:\Users\DELL\Downloads\retailoffer)
2025-10-07T12:19:58.052+05:30  INFO 4416 --- [retailoffer] [restartedMain] com.retailoffer.RetailOfferApplication   : No active profile set, falling back to 1 default profile: "default"
2025-10-07T12:19:58.996+05:30  WARN 4416 --- [retailoffer] [restartedMain] org.hibernate.orm.deprecation            : HHH90000025: MySQL8Dialect does not need to be specified explicitly using 'hibernate.dialect' (remove the property setting and it will be selected by default)
2025-10-07T12:19:58.997+05:30  WARN 4416 --- [retailoffer] [restartedMain] org.hibernate.orm.deprecation            : HHH90000026: MySQL8Dialect has been deprecated; use org.hibernate.dialect.MySQLDialect instead
2025-10-07T12:19:59.379+05:30  WARN 4416 --- [retailoffer] [restartedMain] JpaBaseConfiguration$JpaWebConfiguration : spring.jpa.open-in-view is enabled by default. Therefore, database queries may be performed during view rendering. Explicitly configure spring.jpa.open-in-view to disable this warning
2025-10-07T12:19:59.697+05:30  INFO 4416 --- [retailoffer] [restartedMain] com.retailoffer.RetailOfferApplication   : Started RetailOfferApplication in 1.729 seconds (process running for 369.991)
2025-10-07T12:20:01.535+05:30  INFO 4416 --- [retailoffer] [restartedMain] com.retailoffer.RetailOfferApplication   : Starting RetailOfferApplication using Java 21.0.8 with PID 4416 (C:\Users\DELL\Downloads\retailoffer\target\classes started by DELL in C:\Users\DELL\Downloads\retailoffer)
2025-10-07T12:20:01.535+05:30  INFO 4416 --- [retailoffer] [restartedMain] com.retailoffer.RetailOfferApplication   : No active profile set, falling back to 1 default profile: "default"
2025-10-07T12:20:02.510+05:30  WARN 4416 --- [retailoffer] [restartedMain] org.hibernate.orm.deprecation            : HHH90000025: MySQL8Dialect does not need to be specified explicitly using 'hibernate.dialect' (remove the property setting and it will be selected by default)
2025-10-07T12:20:02.510+05:30  WARN 4416 --- [retailoffer] [restartedMain] org.hibernate.orm.deprecation            : HHH90000026: MySQL8Dialect has been deprecated; use org.hibernate.dialect.MySQLDialect instead
2025-10-07T12:20:02.864+05:30  WARN 4416 --- [retailoffer] [restartedMain] JpaBaseConfiguration$JpaWebConfiguration : spring.jpa.open-in-view is enabled by default. Therefore, database queries may be performed during view rendering. Explicitly configure spring.jpa.open-in-view to disable this warning
2025-10-07T12:20:03.168+05:30  INFO 4416 --- [retailoffer] [restartedMain] com.retailoffer.RetailOfferApplication   : Started RetailOfferApplication in 1.759 seconds (process running for 373.462)
2025-10-07T12:20:04.895+05:30  INFO 4416 --- [retailoffer] [restartedMain] com.retailoffer.RetailOfferApplication   : Starting RetailOfferApplication using Java 21.0.8 with PID 4416 (C:\Users\DELL\Downloads\retailoffer\target\classes started by DELL in C:\Users\DELL\Downloads\retailoffer)
2025-10-07T12:20:04.896+05:30  INFO 4416 --- [retailoffer] [restartedMain] com.retailoffer.RetailOfferApplication   : No active profile set, falling back to 1 default profile: "default"
2025-10-07T12:20:05.697+05:30  WARN 4416 --- [retailoffer] [restartedMain] org.hibernate.orm.deprecation            : HHH90000025: MySQL8Dialect does not need to be specified explicitly using 'hibernate.dialect' (remove the property setting and it will be selected by default)
2025-10-07T12:20:05.698+05:30  WARN 4416 --- [retailoffer] [restartedMain] org.hibernate.orm.deprecation            : HHH90000026: MySQL8Dialect has been deprecated; use org.hibernate.dialect.MySQLDialect instead
2025-10-07T12:20:06.072+05:30  WARN 4416 --- [retailoffer] [restartedMain] JpaBaseConfiguration$JpaWebConfiguration : spring.jpa.open-in-view is enabled by default. Therefore, database queries may be performed during view rendering. Explicitly configure spring.jpa.open-in-view to disable this warning
2025-10-07T12:20:06.382+05:30  INFO 4416 --- [retailoffer] [restartedMain] com.retailoffer.RetailOfferApplication   : Started RetailOfferApplication in 1.594 seconds (process running for 376.676)
2025-10-07T12:20:08.126+05:30  INFO 4416 --- [retailoffer] [restartedMain] com.retailoffer.RetailOfferApplication   : Starting RetailOfferApplication using Java 21.0.8 with PID 4416 (C:\Users\DELL\Downloads\retailoffer\target\classes started by DELL in C:\Users\DELL\Downloads\retailoffer)
2025-10-07T12:20:08.127+05:30  INFO 4416 --- [retailoffer] [restartedMain] com.retailoffer.RetailOfferApplication   : No active profile set, falling back to 1 default profile: "default"
2025-10-07T12:20:09.108+05:30  WARN 4416 --- [retailoffer] [restartedMain] org.hibernate.orm.deprecation            : HHH90000025: MySQL8Dialect does not need to be specified explicitly using 'hibernate.dialect' (remove the property setting and it will be selected by default)
2025-10-07T12:20:09.113+05:30  WARN 4416 --- [retailoffer] [restartedMain] org.hibernate.orm.deprecation            : HHH90000026: MySQL8Dialect has been deprecated; use org.hibernate.dialect.MySQLDialect instead
2025-10-07T12:20:09.804+05:30  WARN 4416 --- [retailoffer] [restartedMain] JpaBaseConfiguration$JpaWebConfiguration : spring.jpa.open-in-view is enabled by default. Therefore, database queries may be performed during view rendering. Explicitly configure spring.jpa.open-in-view to disable this warning
2025-10-07T12:20:10.130+05:30  INFO 4416 --- [retailoffer] [restartedMain] com.retailoffer.RetailOfferApplication   : Started RetailOfferApplication in 2.045 seconds (process running for 380.424)
2025-10-07T12:20:11.774+05:30  INFO 4416 --- [retailoffer] [restartedMain] com.retailoffer.RetailOfferApplication   : Starting RetailOfferApplication using Java 21.0.8 with PID 4416 (C:\Users\DELL\Downloads\retailoffer\target\classes started by DELL in C:\Users\DELL\Downloads\retailoffer)
2025-10-07T12:20:11.774+05:30  INFO 4416 --- [retailoffer] [restartedMain] com.retailoffer.RetailOfferApplication   : No active profile set, falling back to 1 default profile: "default"
2025-10-07T12:20:12.685+05:30  WARN 4416 --- [retailoffer] [restartedMain] org.hibernate.orm.deprecation            : HHH90000025: MySQL8Dialect does not need to be specified explicitly using 'hibernate.dialect' (remove the property setting and it will be selected by default)
2025-10-07T12:20:12.687+05:30  WARN 4416 --- [retailoffer] [restartedMain] org.hibernate.orm.deprecation            : HHH90000026: MySQL8Dialect has been deprecated; use org.hibernate.dialect.MySQLDialect instead
2025-10-07T12:20:13.266+05:30  WARN 4416 --- [retailoffer] [restartedMain] JpaBaseConfiguration$JpaWebConfiguration : spring.jpa.open-in-view is enabled by default. Therefore, database queries may be performed during view rendering. Explicitly configure spring.jpa.open-in-view to disable this warning
2025-10-07T12:20:13.519+05:30  INFO 4416 --- [retailoffer] [restartedMain] com.retailoffer.RetailOfferApplication   : Started RetailOfferApplication in 1.783 seconds (process running for 383.813)
2025-10-07T12:20:15.197+05:30  INFO 4416 --- [retailoffer] [restartedMain] com.retailoffer.RetailOfferApplication   : Starting RetailOfferApplication using Java 21.0.8 with PID 4416 (C:\Users\DELL\Downloads\retailoffer\target\classes started by DELL in C:\Users\DELL\Downloads\retailoffer)
2025-10-07T12:20:15.197+05:30  INFO 4416 --- [retailoffer] [restartedMain] com.retailoffer.RetailOfferApplication   : No active profile set, falling back to 1 default profile: "default"
2025-10-07T12:20:15.953+05:30  WARN 4416 --- [retailoffer] [restartedMain] org.hibernate.orm.deprecation            : HHH90000025: MySQL8Dialect does not need to be specified explicitly using 'hibernate.dialect' (remove the property setting and it will be selected by default)
2025-10-07T12:20:15.954+05:30  WARN 4416 --- [retailoffer] [restartedMain] org.hibernate.orm.deprecation            : HHH90000026: MySQL8Dialect has been deprecated; use org.hibernate.dialect.MySQLDialect instead
2025-10-07T12:20:16.345+05:30  WARN 4416 --- [retailoffer] [restartedMain] JpaBaseConfiguration$JpaWebConfiguration : spring.jpa.open-in-view is enabled by default. Therefore, database queries may be performed during view rendering. Explicitly configure spring.jpa.open-in-view to disable this warning
2025-10-07T12:20:16.644+05:30  INFO 4416 --- [retailoffer] [restartedMain] com.retailoffer.RetailOfferApplication   : Started RetailOfferApplication in 1.486 seconds (process running for 386.938)
2025-10-07T12:20:18.265+05:30  INFO 4416 --- [retailoffer] [restartedMain] com.retailoffer.RetailOfferApplication   : Starting RetailOfferApplication using Java 21.0.8 with PID 4416 (C:\Users\DELL\Downloads\retailoffer\target\classes started by DELL in C:\Users\DELL\Downloads\retailoffer)
2025-10-07T12:20:18.266+05:30  INFO 4416 --- [retailoffer] [restartedMain] com.retailoffer.RetailOfferApplication   : No active profile set, falling back to 1 default profile: "default"
2025-10-07T12:20:18.708+05:30  WARN 4416 --- [retailoffer] [restartedMain] org.hibernate.orm.deprecation            : HHH90000025: MySQL8Dialect does not need to be specified explicitly using 'hibernate.dialect' (remove the property setting and it will be selected by default)
2025-10-07T12:20:18.708+05:30  WARN 4416 --- [retailoffer] [restartedMain] org.hibernate.orm.deprecation            : HHH90000026: MySQL8Dialect has been deprecated; use org.hibernate.dialect.MySQLDialect instead
2025-10-07T12:20:19.275+05:30  WARN 4416 --- [retailoffer] [restartedMain] JpaBaseConfiguration$JpaWebConfiguration : spring.jpa.open-in-view is enabled by default. Therefore, database queries may be performed during view rendering. Explicitly configure spring.jpa.open-in-view to disable this warning
2025-10-07T12:20:19.506+05:30  INFO 4416 --- [retailoffer] [restartedMain] com.retailoffer.RetailOfferApplication   : Started RetailOfferApplication in 1.277 seconds (process running for 389.801)
2025-10-07T12:20:21.199+05:30  INFO 4416 --- [retailoffer] [restartedMain] com.retailoffer.RetailOfferApplication   : Starting RetailOfferApplication using Java 21.0.8 with PID 4416 (C:\Users\DELL\Downloads\retailoffer\target\classes started by DELL in C:\Users\DELL\Downloads\retailoffer)
2025-10-07T12:20:21.200+05:30  INFO 4416 --- [retailoffer] [restartedMain] com.retailoffer.RetailOfferApplication   : No active profile set, falling back to 1 default profile: "default"
2025-10-07T12:20:21.764+05:30  WARN 4416 --- [retailoffer] [restartedMain] org.hibernate.orm.deprecation            : HHH90000025: MySQL8Dialect does not need to be specified explicitly using 'hibernate.dialect' (remove the property setting and it will be selected by default)
2025-10-07T12:20:21.766+05:30  WARN 4416 --- [retailoffer] [restartedMain] org.hibernate.orm.deprecation            : HHH90000026: MySQL8Dialect has been deprecated; use org.hibernate.dialect.MySQLDialect instead
2025-10-07T12:20:22.405+05:30  WARN 4416 --- [retailoffer] [restartedMain] JpaBaseConfiguration$JpaWebConfiguration : spring.jpa.open-in-view is enabled by default. Therefore, database queries may be performed during view rendering. Explicitly configure spring.jpa.open-in-view to disable this warning
2025-10-07T12:20:22.586+05:30  INFO 4416 --- [retailoffer] [restartedMain] com.retailoffer.RetailOfferApplication   : Started RetailOfferApplication in 1.448 seconds (process running for 392.879)
2025-10-07T12:20:24.218+05:30  INFO 4416 --- [retailoffer] [restartedMain] com.retailoffer.RetailOfferApplication   : Starting RetailOfferApplication using Java 21.0.8 with PID 4416 (C:\Users\DELL\Downloads\retailoffer\target\classes started by DELL in C:\Users\DELL\Downloads\retailoffer)
2025-10-07T12:20:24.219+05:30  INFO 4416 --- [retailoffer] [restartedMain] com.retailoffer.RetailOfferApplication   : No active profile set, falling back to 1 default profile: "default"
2025-10-07T12:20:24.701+05:30  WARN 4416 --- [retailoffer] [restartedMain] org.hibernate.orm.deprecation            : HHH90000025: MySQL8Dialect does not need to be specified explicitly using 'hibernate.dialect' (remove the property setting and it will be selected by default)
2025-10-07T12:20:24.701+05:30  WARN 4416 --- [retailoffer] [restartedMain] org.hibernate.orm.deprecation            : HHH90000026: MySQL8Dialect has been deprecated; use org.hibernate.dialect.MySQLDialect instead
2025-10-07T12:20:25.187+05:30  WARN 4416 --- [retailoffer] [restartedMain] JpaBaseConfiguration$JpaWebConfiguration : spring.jpa.open-in-view is enabled by default. Therefore, database queries may be performed during view rendering. Explicitly configure spring.jpa.open-in-view to disable this warning
2025-10-07T12:20:25.367+05:30  INFO 4416 --- [retailoffer] [restartedMain] com.retailoffer.RetailOfferApplication   : Started RetailOfferApplication in 1.2 seconds (process running for 395.661)
2025-10-07T12:20:27.051+05:30  INFO 4416 --- [retailoffer] [restartedMain] com.retailoffer.RetailOfferApplication   : Starting RetailOfferApplication using Java 21.0.8 with PID 4416 (C:\Users\DELL\Downloads\retailoffer\target\classes started by DELL in C:\Users\DELL\Downloads\retailoffer)
2025-10-07T12:20:27.051+05:30  INFO 4416 --- [retailoffer] [restartedMain] com.retailoffer.RetailOfferApplication   : No active profile set, falling back to 1 default profile: "default"
2025-10-07T12:20:27.684+05:30  WARN 4416 --- [retailoffer] [restartedMain] org.hibernate.orm.deprecation            : HHH90000025: MySQL8Dialect does not need to be specified explicitly using 'hibernate.dialect' (remove the property setting and it will be selected by default)
2025-10-07T12:20:27.684+05:30  WARN 4416 --- [retailoffer] [restartedMain] org.hibernate.orm.deprecation            : HHH90000026: MySQL8Dialect has been deprecated; use org.hibernate.dialect.MySQLDialect instead
2025-10-07T12:20:27.994+05:30  WARN 4416 --- [retailoffer] [restartedMain] JpaBaseConfiguration$JpaWebConfiguration : spring.jpa.open-in-view is enabled by default. Therefore, database queries may be performed during view rendering. Explicitly configure spring.jpa.open-in-view to disable this warning
2025-10-07T12:20:28.178+05:30  INFO 4416 --- [retailoffer] [restartedMain] com.retailoffer.RetailOfferApplication   : Started RetailOfferApplication in 1.153 seconds (process running for 398.472)
2025-10-07T12:20:29.858+05:30  INFO 4416 --- [retailoffer] [restartedMain] com.retailoffer.RetailOfferApplication   : Starting RetailOfferApplication using Java 21.0.8 with PID 4416 (C:\Users\DELL\Downloads\retailoffer\target\classes started by DELL in C:\Users\DELL\Downloads\retailoffer)
2025-10-07T12:20:29.859+05:30  INFO 4416 --- [retailoffer] [restartedMain] com.retailoffer.RetailOfferApplication   : No active profile set, falling back to 1 default profile: "default"
2025-10-07T12:20:30.337+05:30  WARN 4416 --- [retailoffer] [restartedMain] org.hibernate.orm.deprecation            : HHH90000025: MySQL8Dialect does not need to be specified explicitly using 'hibernate.dialect' (remove the property setting and it will be selected by default)
2025-10-07T12:20:30.339+05:30  WARN 4416 --- [retailoffer] [restartedMain] org.hibernate.orm.deprecation            : HHH90000026: MySQL8Dialect has been deprecated; use org.hibernate.dialect.MySQLDialect instead
2025-10-07T12:20:30.606+05:30  WARN 4416 --- [retailoffer] [restartedMain] JpaBaseConfiguration$JpaWebConfiguration : spring.jpa.open-in-view is enabled by default. Therefore, database queries may be performed during view rendering. Explicitly configure spring.jpa.open-in-view to disable this warning
2025-10-07T12:20:30.800+05:30  INFO 4416 --- [retailoffer] [restartedMain] com.retailoffer.RetailOfferApplication   : Started RetailOfferApplication in 0.972 seconds (process running for 401.094)
2025-10-07T12:20:33.454+05:30  INFO 4416 --- [retailoffer] [restartedMain] com.retailoffer.RetailOfferApplication   : Starting RetailOfferApplication using Java 21.0.8 with PID 4416 (C:\Users\DELL\Downloads\retailoffer\target\classes started by DELL in C:\Users\DELL\Downloads\retailoffer)
2025-10-07T12:20:33.455+05:30  INFO 4416 --- [retailoffer] [restartedMain] com.retailoffer.RetailOfferApplication   : No active profile set, falling back to 1 default profile: "default"
2025-10-07T12:20:33.943+05:30  WARN 4416 --- [retailoffer] [restartedMain] org.hibernate.orm.deprecation            : HHH90000025: MySQL8Dialect does not need to be specified explicitly using 'hibernate.dialect' (remove the property setting and it will be selected by default)
2025-10-07T12:20:33.944+05:30  WARN 4416 --- [retailoffer] [restartedMain] org.hibernate.orm.deprecation            : HHH90000026: MySQL8Dialect has been deprecated; use org.hibernate.dialect.MySQLDialect instead
2025-10-07T12:20:34.478+05:30  WARN 4416 --- [retailoffer] [restartedMain] JpaBaseConfiguration$JpaWebConfiguration : spring.jpa.open-in-view is enabled by default. Therefore, database queries may be performed during view rendering. Explicitly configure spring.jpa.open-in-view to disable this warning
2025-10-07T12:20:34.730+05:30  INFO 4416 --- [retailoffer] [restartedMain] com.retailoffer.RetailOfferApplication   : Started RetailOfferApplication in 1.303 seconds (process running for 405.024)
2025-10-07T12:20:36.408+05:30  INFO 4416 --- [retailoffer] [restartedMain] com.retailoffer.RetailOfferApplication   : Starting RetailOfferApplication using Java 21.0.8 with PID 4416 (C:\Users\DELL\Downloads\retailoffer\target\classes started by DELL in C:\Users\DELL\Downloads\retailoffer)
2025-10-07T12:20:36.409+05:30  INFO 4416 --- [retailoffer] [restartedMain] com.retailoffer.RetailOfferApplication   : No active profile set, falling back to 1 default profile: "default"
2025-10-07T12:20:36.957+05:30  WARN 4416 --- [retailoffer] [restartedMain] org.hibernate.orm.deprecation            : HHH90000025: MySQL8Dialect does not need to be specified explicitly using 'hibernate.dialect' (remove the property setting and it will be selected by default)
2025-10-07T12:20:36.958+05:30  WARN 4416 --- [retailoffer] [restartedMain] org.hibernate.orm.deprecation            : HHH90000026: MySQL8Dialect has been deprecated; use org.hibernate.dialect.MySQLDialect instead
2025-10-07T12:20:37.234+05:30  WARN 4416 --- [retailoffer] [restartedMain] JpaBaseConfiguration$JpaWebConfiguration : spring.jpa.open-in-view is enabled by default. Therefore, database queries may be performed during view rendering. Explicitly configure spring.jpa.open-in-view to disable this warning
2025-10-07T12:20:37.469+05:30  INFO 4416 --- [retailoffer] [restartedMain] com.retailoffer.RetailOfferApplication   : Started RetailOfferApplication in 1.098 seconds (process running for 407.763)
2025-10-07T12:20:39.164+05:30  INFO 4416 --- [retailoffer] [restartedMain] com.retailoffer.RetailOfferApplication   : Starting RetailOfferApplication using Java 21.0.8 with PID 4416 (C:\Users\DELL\Downloads\retailoffer\target\classes started by DELL in C:\Users\DELL\Downloads\retailoffer)
2025-10-07T12:20:39.165+05:30  INFO 4416 --- [retailoffer] [restartedMain] com.retailoffer.RetailOfferApplication   : No active profile set, falling back to 1 default profile: "default"
2025-10-07T12:20:39.582+05:30  WARN 4416 --- [retailoffer] [restartedMain] org.hibernate.orm.deprecation            : HHH90000025: MySQL8Dialect does not need to be specified explicitly using 'hibernate.dialect' (remove the property setting and it will be selected by default)
2025-10-07T12:20:39.582+05:30  WARN 4416 --- [retailoffer] [restartedMain] org.hibernate.orm.deprecation            : HHH90000026: MySQL8Dialect has been deprecated; use org.hibernate.dialect.MySQLDialect instead
2025-10-07T12:20:39.963+05:30  WARN 4416 --- [retailoffer] [restartedMain] JpaBaseConfiguration$JpaWebConfiguration : spring.jpa.open-in-view is enabled by default. Therefore, database queries may be performed during view rendering. Explicitly configure spring.jpa.open-in-view to disable this warning
2025-10-07T12:20:40.141+05:30  INFO 4416 --- [retailoffer] [restartedMain] com.retailoffer.RetailOfferApplication   : Started RetailOfferApplication in 1.009 seconds (process running for 410.435)
2025-10-07T12:20:42.810+05:30  INFO 4416 --- [retailoffer] [restartedMain] com.retailoffer.RetailOfferApplication   : Starting RetailOfferApplication using Java 21.0.8 with PID 4416 (C:\Users\DELL\Downloads\retailoffer\target\classes started by DELL in C:\Users\DELL\Downloads\retailoffer)
2025-10-07T12:20:42.810+05:30  INFO 4416 --- [retailoffer] [restartedMain] com.retailoffer.RetailOfferApplication   : No active profile set, falling back to 1 default profile: "default"
2025-10-07T12:20:43.256+05:30  WARN 4416 --- [retailoffer] [restartedMain] org.hibernate.orm.deprecation            : HHH90000025: MySQL8Dialect does not need to be specified explicitly using 'hibernate.dialect' (remove the property setting and it will be selected by default)
2025-10-07T12:20:43.256+05:30  WARN 4416 --- [retailoffer] [restartedMain] org.hibernate.orm.deprecation            : HHH90000026: MySQL8Dialect has been deprecated; use org.hibernate.dialect.MySQLDialect instead
2025-10-07T12:20:43.447+05:30  WARN 4416 --- [retailoffer] [restartedMain] JpaBaseConfiguration$JpaWebConfiguration : spring.jpa.open-in-view is enabled by default. Therefore, database queries may be performed during view rendering. Explicitly configure spring.jpa.open-in-view to disable this warning
2025-10-07T12:20:43.622+05:30  INFO 4416 --- [retailoffer] [restartedMain] com.retailoffer.RetailOfferApplication   : Started RetailOfferApplication in 0.85 seconds (process running for 413.916)
2025-10-07T12:30:05.015+05:30  INFO 4416 --- [retailoffer] [restartedMain] com.retailoffer.RetailOfferApplication   : Starting RetailOfferApplication using Java 21.0.8 with PID 4416 (C:\Users\DELL\Downloads\retailoffer\target\classes started by DELL in C:\Users\DELL\Downloads\retailoffer)
2025-10-07T12:30:05.015+05:30  INFO 4416 --- [retailoffer] [restartedMain] com.retailoffer.RetailOfferApplication   : No active profile set, falling back to 1 default profile: "default"
2025-10-07T12:30:05.456+05:30  WARN 4416 --- [retailoffer] [restartedMain] org.hibernate.orm.deprecation            : HHH90000025: MySQL8Dialect does not need to be specified explicitly using 'hibernate.dialect' (remove the property setting and it will be selected by default)
2025-10-07T12:30:05.457+05:30  WARN 4416 --- [retailoffer] [restartedMain] org.hibernate.orm.deprecation            : HHH90000026: MySQL8Dialect has been deprecated; use org.hibernate.dialect.MySQLDialect instead
2025-10-07T12:30:05.717+05:30  WARN 4416 --- [retailoffer] [restartedMain] JpaBaseConfiguration$JpaWebConfiguration : spring.jpa.open-in-view is enabled by default. Therefore, database queries may be performed during view rendering. Explicitly configure spring.jpa.open-in-view to disable this warning
2025-10-07T12:30:05.876+05:30  INFO 4416 --- [retailoffer] [restartedMain] com.retailoffer.RetailOfferApplication   : Started RetailOfferApplication in 0.888 seconds (process running for 976.17)
2025-10-07T12:30:12.699+05:30  INFO 4416 --- [retailoffer] [restartedMain] com.retailoffer.RetailOfferApplication   : Starting RetailOfferApplication using Java 21.0.8 with PID 4416 (C:\Users\DELL\Downloads\retailoffer\target\classes started by DELL in C:\Users\DELL\Downloads\retailoffer)
2025-10-07T12:30:12.700+05:30  INFO 4416 --- [retailoffer] [restartedMain] com.retailoffer.RetailOfferApplication   : No active profile set, falling back to 1 default profile: "default"
2025-10-07T12:30:13.163+05:30  WARN 4416 --- [retailoffer] [restartedMain] org.hibernate.orm.deprecation            : HHH90000025: MySQL8Dialect does not need to be specified explicitly using 'hibernate.dialect' (remove the property setting and it will be selected by default)
2025-10-07T12:30:13.163+05:30  WARN 4416 --- [retailoffer] [restartedMain] org.hibernate.orm.deprecation            : HHH90000026: MySQL8Dialect has been deprecated; use org.hibernate.dialect.MySQLDialect instead
2025-10-07T12:30:13.463+05:30  WARN 4416 --- [retailoffer] [restartedMain] JpaBaseConfiguration$JpaWebConfiguration : spring.jpa.open-in-view is enabled by default. Therefore, database queries may be performed during view rendering. Explicitly configure spring.jpa.open-in-view to disable this warning
2025-10-07T12:30:13.680+05:30  INFO 4416 --- [retailoffer] [restartedMain] com.retailoffer.RetailOfferApplication   : Started RetailOfferApplication in 1.008 seconds (process running for 983.974)
2025-10-07T12:30:20.453+05:30  INFO 4416 --- [retailoffer] [restartedMain] com.retailoffer.RetailOfferApplication   : Starting RetailOfferApplication using Java 21.0.8 with PID 4416 (C:\Users\DELL\Downloads\retailoffer\target\classes started by DELL in C:\Users\DELL\Downloads\retailoffer)
2025-10-07T12:30:20.454+05:30  INFO 4416 --- [retailoffer] [restartedMain] com.retailoffer.RetailOfferApplication   : No active profile set, falling back to 1 default profile: "default"
2025-10-07T12:30:20.837+05:30  WARN 4416 --- [retailoffer] [restartedMain] org.hibernate.orm.deprecation            : HHH90000025: MySQL8Dialect does not need to be specified explicitly using 'hibernate.dialect' (remove the property setting and it will be selected by default)
2025-10-07T12:30:20.838+05:30  WARN 4416 --- [retailoffer] [restartedMain] org.hibernate.orm.deprecation            : HHH90000026: MySQL8Dialect has been deprecated; use org.hibernate.dialect.MySQLDialect instead
2025-10-07T12:30:21.044+05:30  WARN 4416 --- [retailoffer] [restartedMain] JpaBaseConfiguration$JpaWebConfiguration : spring.jpa.open-in-view is enabled by default. Therefore, database queries may be performed during view rendering. Explicitly configure spring.jpa.open-in-view to disable this warning
2025-10-07T12:30:21.214+05:30  INFO 4416 --- [retailoffer] [restartedMain] com.retailoffer.RetailOfferApplication   : Started RetailOfferApplication in 0.789 seconds (process running for 991.508)
2025-10-07T12:30:45.819+05:30  INFO 4416 --- [retailoffer] [restartedMain] com.retailoffer.RetailOfferApplication   : Starting RetailOfferApplication using Java 21.0.8 with PID 4416 (C:\Users\DELL\Downloads\retailoffer\target\classes started by DELL in C:\Users\DELL\Downloads\retailoffer)
2025-10-07T12:30:45.821+05:30  INFO 4416 --- [retailoffer] [restartedMain] com.retailoffer.RetailOfferApplication   : No active profile set, falling back to 1 default profile: "default"
2025-10-07T12:30:46.214+05:30  WARN 4416 --- [retailoffer] [restartedMain] org.hibernate.orm.deprecation            : HHH90000025: MySQL8Dialect does not need to be specified explicitly using 'hibernate.dialect' (remove the property setting and it will be selected by default)
2025-10-07T12:30:46.215+05:30  WARN 4416 --- [retailoffer] [restartedMain] org.hibernate.orm.deprecation            : HHH90000026: MySQL8Dialect has been deprecated; use org.hibernate.dialect.MySQLDialect instead
2025-10-07T12:30:46.428+05:30  WARN 4416 --- [retailoffer] [restartedMain] JpaBaseConfiguration$JpaWebConfiguration : spring.jpa.open-in-view is enabled by default. Therefore, database queries may be performed during view rendering. Explicitly configure spring.jpa.open-in-view to disable this warning
2025-10-07T12:30:46.630+05:30  INFO 4416 --- [retailoffer] [restartedMain] com.retailoffer.RetailOfferApplication   : Started RetailOfferApplication in 0.84 seconds (process running for 1016.924)
2025-10-07T12:41:37.120+05:30  INFO 4416 --- [retailoffer] [restartedMain] com.retailoffer.RetailOfferApplication   : Starting RetailOfferApplication using Java 21.0.8 with PID 4416 (C:\Users\DELL\Downloads\retailoffer\target\classes started by DELL in C:\Users\DELL\Downloads\retailoffer)
2025-10-07T12:41:37.120+05:30  INFO 4416 --- [retailoffer] [restartedMain] com.retailoffer.RetailOfferApplication   : No active profile set, falling back to 1 default profile: "default"
2025-10-07T12:41:37.772+05:30  WARN 4416 --- [retailoffer] [restartedMain] org.hibernate.orm.deprecation            : HHH90000025: MySQL8Dialect does not need to be specified explicitly using 'hibernate.dialect' (remove the property setting and it will be selected by default)
2025-10-07T12:41:37.772+05:30  WARN 4416 --- [retailoffer] [restartedMain] org.hibernate.orm.deprecation            : HHH90000026: MySQL8Dialect has been deprecated; use org.hibernate.dialect.MySQLDialect instead
2025-10-07T12:41:38.009+05:30  WARN 4416 --- [retailoffer] [restartedMain] JpaBaseConfiguration$JpaWebConfiguration : spring.jpa.open-in-view is enabled by default. Therefore, database queries may be performed during view rendering. Explicitly configure spring.jpa.open-in-view to disable this warning
2025-10-07T12:41:38.200+05:30  INFO 4416 --- [retailoffer] [restartedMain] com.retailoffer.RetailOfferApplication   : Started RetailOfferApplication in 1.138 seconds (process running for 1668.494)
2025-10-07T12:42:43.097+05:30  INFO 4416 --- [retailoffer] [restartedMain] com.retailoffer.RetailOfferApplication   : Starting RetailOfferApplication using Java 21.0.8 with PID 4416 (C:\Users\DELL\Downloads\retailoffer\target\classes started by DELL in C:\Users\DELL\Downloads\retailoffer)
2025-10-07T12:42:43.098+05:30  INFO 4416 --- [retailoffer] [restartedMain] com.retailoffer.RetailOfferApplication   : No active profile set, falling back to 1 default profile: "default"
2025-10-07T12:42:43.477+05:30  WARN 4416 --- [retailoffer] [restartedMain] org.hibernate.orm.deprecation            : HHH90000025: MySQL8Dialect does not need to be specified explicitly using 'hibernate.dialect' (remove the property setting and it will be selected by default)
2025-10-07T12:42:43.477+05:30  WARN 4416 --- [retailoffer] [restartedMain] org.hibernate.orm.deprecation            : HHH90000026: MySQL8Dialect has been deprecated; use org.hibernate.dialect.MySQLDialect instead
2025-10-07T12:42:43.676+05:30  WARN 4416 --- [retailoffer] [restartedMain] JpaBaseConfiguration$JpaWebConfiguration : spring.jpa.open-in-view is enabled by default. Therefore, database queries may be performed during view rendering. Explicitly configure spring.jpa.open-in-view to disable this warning
2025-10-07T12:42:43.825+05:30  INFO 4416 --- [retailoffer] [restartedMain] com.retailoffer.RetailOfferApplication   : Started RetailOfferApplication in 0.758 seconds (process running for 1734.119)
2025-10-07T12:45:16.718+05:30  INFO 9132 --- [retailoffer] [restartedMain] com.retailoffer.RetailOfferApplication   : Starting RetailOfferApplication using Java 21.0.8 with PID 9132 (C:\Users\DELL\Downloads\retailoffer\target\classes started by DELL in C:\Users\DELL\Downloads\retailoffer)
2025-10-07T12:45:16.728+05:30  INFO 9132 --- [retailoffer] [restartedMain] com.retailoffer.RetailOfferApplication   : No active profile set, falling back to 1 default profile: "default"
2025-10-07T12:45:22.293+05:30  WARN 9132 --- [retailoffer] [restartedMain] org.hibernate.orm.deprecation            : HHH90000025: MySQL8Dialect does not need to be specified explicitly using 'hibernate.dialect' (remove the property setting and it will be selected by default)
2025-10-07T12:45:22.301+05:30  WARN 9132 --- [retailoffer] [restartedMain] org.hibernate.orm.deprecation            : HHH90000026: MySQL8Dialect has been deprecated; use org.hibernate.dialect.MySQLDialect instead
2025-10-07T12:45:25.485+05:30  WARN 9132 --- [retailoffer] [restartedMain] JpaBaseConfiguration$JpaWebConfiguration : spring.jpa.open-in-view is enabled by default. Therefore, database queries may be performed during view rendering. Explicitly configure spring.jpa.open-in-view to disable this warning
2025-10-07T12:45:27.052+05:30  INFO 9132 --- [retailoffer] [restartedMain] com.retailoffer.RetailOfferApplication   : Started RetailOfferApplication in 11.167 seconds (process running for 11.974)
2025-10-07T12:46:45.853+05:30  INFO 9132 --- [retailoffer] [restartedMain] com.retailoffer.RetailOfferApplication   : Starting RetailOfferApplication using Java 21.0.8 with PID 9132 (C:\Users\DELL\Downloads\retailoffer\target\classes started by DELL in C:\Users\DELL\Downloads\retailoffer)
2025-10-07T12:46:45.854+05:30  INFO 9132 --- [retailoffer] [restartedMain] com.retailoffer.RetailOfferApplication   : No active profile set, falling back to 1 default profile: "default"
2025-10-07T12:46:46.794+05:30  WARN 9132 --- [retailoffer] [restartedMain] org.hibernate.orm.deprecation            : HHH90000025: MySQL8Dialect does not need to be specified explicitly using 'hibernate.dialect' (remove the property setting and it will be selected by default)
2025-10-07T12:46:46.795+05:30  WARN 9132 --- [retailoffer] [restartedMain] org.hibernate.orm.deprecation            : HHH90000026: MySQL8Dialect has been deprecated; use org.hibernate.dialect.MySQLDialect instead
2025-10-07T12:46:47.411+05:30  WARN 9132 --- [retailoffer] [restartedMain] JpaBaseConfiguration$JpaWebConfiguration : spring.jpa.open-in-view is enabled by default. Therefore, database queries may be performed during view rendering. Explicitly configure spring.jpa.open-in-view to disable this warning
2025-10-07T12:46:47.856+05:30  INFO 9132 --- [retailoffer] [restartedMain] com.retailoffer.RetailOfferApplication   : Started RetailOfferApplication in 2.095 seconds (process running for 92.778)
